make.exe all --print-data-base --no-builtin-variables --no-builtin-rules --question
make: *** No rule to make target 'all'.  Stop.

# GNU Make 4.3
# Built for Windows32
# Copyright (C) 1988-2020 Free Software Foundation, Inc.
# License GPLv3+: GNU GPL version 3 or later <http://gnu.org/licenses/gpl.html>
# This is free software: you are free to change and redistribute it.
# There is NO WARRANTY, to the extent permitted by law.

# Make data base, printed on Wed Apr 20 11:12:24 2022

# Variables

# environment
SYSTEMDRIVE = C:
# makefile (from 'makefile', line 13)
OBJ = $(patsubst %,$(ODIR)/%,$(_OBJ))
# environment
LC_ALL = C
# environment
USERPROFILE = C:\Users\Benjamin
# environment
LOCALAPPDATA = C:\Users\Benjamin\AppData\Local
# environment
VSCODE_IPC_HOOK_EXTHOST = \\.\pipe\vscode-ipc-b33d9264-ec41-4d2b-a22a-d6f50ffbf175-sock
# environment
VSCODE_CWD = C:\Users\Benjamin\AppData\Local\Programs\Microsoft VS Code
# environment
CHOCOLATEYINSTALL = C:\ProgramData\chocolatey
# environment
SYSTEMROOT = C:\Windows
# environment
PROCESSOR_LEVEL = 6
# environment
PSMODULEPATH = C:\Program Files\WindowsPowerShell\Modules;C:\Windows\system32\WindowsPowerShell\v1.0\Modules
# default
MAKE_COMMAND := C:/ProgramData/chocolatey/lib/make/tools/install/bin/make.exe
# automatic
@D = $(patsubst %/,%,$(patsubst %\,%,$(dir $@)))
# environment
CHROME_CRASHPAD_PIPE_NAME = \\.\pipe\crashpad_28704_ZNQDVQLUNVXSZAED
# environment
VSCODE_HANDLES_UNCAUGHT_ERRORS = true
# default
.VARIABLES := 
# automatic
%D = $(patsubst %/,%,$(patsubst %\,%,$(dir $%)))
# automatic
^D = $(patsubst %/,%,$(patsubst %\,%,$(dir $^)))
# environment
VSCODE_LOG_STACK = false
# automatic
%F = $(notdir $%)
# environment
VSCODE_CODE_CACHE_PATH = C:\Users\Benjamin\AppData\Roaming\Code\CachedData\dfd34e8260c270da74b5c2d86d61aee4b6d56977
# makefile (from 'makefile', line 9)
_DEPS = dataMemory.h riscvInstruction.h rTypeInstruction.h processor.h register.h instructionMemory.h
# environment
LANG = C
# default
.LOADED := 
# environment
TMP = C:\Users\Benjamin\AppData\Local\Temp
# default
.INCLUDE_DIRS = .
# environment
PROCESSOR_ARCHITEW6432 = AMD64
# makefile
MAKEFLAGS = pqrR
# environment
ONEDRIVE = C:\Users\Benjamin\OneDrive
# makefile
CURDIR := c:/Users/Benjamin/Documents/GitHub/riscv-emulator
# environment
VSCODE_PIPE_LOGGING = true
# environment
APPLICATION_INSIGHTS_NO_DIAGNOSTIC_CHANNEL = 1
# makefile (from 'makefile', line 5)
SRCS = $(wildcard *.CPP)
# automatic
*D = $(patsubst %/,%,$(patsubst %\,%,$(dir $*)))
# environment
PROGRAMFILES = C:\Program Files (x86)
# environment
MFLAGS = -pqrR
# default
.SHELLFLAGS := -c
# environment
COMMONPROGRAMW6432 = C:\Program Files\Common Files
# automatic
+D = $(patsubst %/,%,$(patsubst %\,%,$(dir $+)))
# makefile (from 'makefile', line 10)
DPS = $(patsubst %,$(IDIR)/%,$(_DEPS))
# makefile (from 'makefile', line 7)
ODIR = .\src
# makefile (from 'makefile', line 1)
MAKEFILE_LIST := makefile
# automatic
@F = $(notdir $@)
# environment
VSCODE_VERBOSE_LOGGING = true
# environment
VSCODE_PID = 28704
# automatic
?D = $(patsubst %/,%,$(patsubst %\,%,$(dir $?)))
# automatic
*F = $(notdir $*)
# automatic
<D = $(patsubst %/,%,$(patsubst %\,%,$(dir $<)))
# environment
VSCODE_NLS_CONFIG = {"locale":"en-us","availableLanguages":{},"_languagePackSupport":true}
# makefile (from 'makefile', line 2)
IDIR = src\architectures\harvard_implementation\include
# default
MAKE_HOST := Windows32
# environment
PROGRAMDATA = C:\ProgramData
# default
SHELL := sh.exe
# environment
HOMEPATH = \Users\Benjamin
# default
MAKECMDGOALS := all
# environment
DRIVERDATA = C:\Windows\System32\Drivers\DriverData
# environment
COMSPEC = C:\Windows\system32\cmd.exe
# environment
WINDIR = C:\Windows
# environment
MAKELEVEL := 0
# default
MAKE = $(MAKE_COMMAND)
# environment
PATH = C:\Users\Benjamin\AppData\Local\Programs\Python\Python310\Scripts\;C:\Users\Benjamin\AppData\Local\Programs\Python\Python310\;C:\Windows\system32;C:\Windows;C:\Windows\System32\Wbem;C:\Windows\System32\WindowsPowerShell\v1.0\;C:\Windows\System32\OpenSSH\;C:\Program Files (x86)\NVIDIA Corporation\PhysX\Common;C:\Program Files\NVIDIA Corporation\NVIDIA NvDLISR;C:\Program Files\dotnet\;C:\Program Files (x86)\Microsoft SQL Server\80\Tools\Binn\;C:\Program Files (x86)\IVI Foundation\VISA\WinNT\Bin\;C:\Program Files\IVI Foundation\VISA\Win64\Bin\;C:\Program Files (x86)\National Instruments\Shared\LabVIEW CLI;C:\Program Files (x86)\IVI Foundation\VISA\WinNT\Bin;C:\Program Files\MATLAB\R2021b\runtime\win64;C:\Program Files\MATLAB\R2021b\bin;C:\Program Files\Git\cmd;C:\TDM-GCC-32\bin;C:\Program Files\nodejs\;C:\ProgramData\chocolatey\bin;C:\Program Files\Microsoft\Web Platform Installer\;C;C:\Users\Benjamin\AppData\Local\Programs\Python\Python38\Scripts\;C:\Users\Benjamin\AppData\Local\Programs\Python\Python38\;C:\Users\Benjamin\AppData\Local\Programs\Python\Python310\Scripts\;C:\Users\Benjamin\AppData\Local\Programs\Python\Python310\;C:\Users\Benjamin\AppData\Local\Microsoft\WindowsApps;C:\Users\Benjamin\AppData\Local\Programs\Microsoft VS Code\bin;C:\Users\Benjamin\AppData\Local\GitHubDesktop\bin;C:\Users\Benjamin\.dotnet\tools;C:\Users\Benjamin\AppData\Local\Programs\MiKTeX\miktex\bin\x64\;C:\Users\Benjamin\AppData\Roaming\npm;C:\msys64\mingw64\bin;
# environment
ZES_ENABLE_SYSMAN = 1
# environment
COMPUTERNAME = DESKTOP-R0623U0
# default
MAKEFILES := 
# automatic
^F = $(notdir $^)
# environment
NIEXTCCOMPILERSUPP = C:\Program Files (x86)\National Instruments\Shared\ExternalCompilerSupport\C\
# environment
PROMPT = $P$G
# environment
CHOCOLATEYLASTPATHUPDATE = 132884741411220645
# environment
VXIPNPPATH64 = C:\Program Files\IVI Foundation\VISA\
# environment
NIDAQMXSWITCHDIR = C:\Program Files (x86)\National Instruments\NI-DAQ\Switch\
# environment
LOGONSERVER = \\DESKTOP-R0623U0
# environment
VSCODE_LOG_NATIVE = false
# environment
USERNAME = Benjamin
# environment
COMMONPROGRAMFILES = C:\Program Files (x86)\Common Files
# automatic
?F = $(notdir $?)
# environment
PROGRAMW6432 = C:\Program Files
# environment
PATHEXT = .COM;.EXE;.BAT;.CMD;.VBS;.VBE;.JS;.JSE;.WSF;.WSH;.MSC;.PY;.PYW
# automatic
+F = $(notdir $+)
# environment
ORIGINAL_XDG_CURRENT_DESKTOP = undefined
# environment
USERDOMAIN = DESKTOP-R0623U0
# 'override' directive
GNUMAKEFLAGS := 
# environment
OS = Windows_NT
# makefile
.DEFAULT_GOAL := mymake
# default
MAKE_VERSION := 4.3
# environment
PROGRAMFILES(X86) = C:\Program Files (x86)
# environment
USERDOMAIN_ROAMINGPROFILE = DESKTOP-R0623U0
# environment
NUMBER_OF_PROCESSORS = 16
# environment
PUBLIC = C:\Users\Public
# environment
APPDATA = C:\Users\Benjamin\AppData\Roaming
# makefile (from 'makefile', line 3)
CFLAGS = -I$(IDIR)
# environment
HOMEDRIVE = C:
# environment
PROCESSOR_ARCHITECTURE = x86
# environment
VSCODE_AMD_ENTRYPOINT = vs/workbench/api/node/extensionHostProcess
# environment
VXIPNPPATH = C:\Program Files (x86)\IVI Foundation\VISA\
# environment
COMMONPROGRAMFILES(X86) = C:\Program Files (x86)\Common Files
# environment
ELECTRON_RUN_AS_NODE = 1
# environment
TEMP = C:\Users\Benjamin\AppData\Local\Temp
# environment
VSCODE_IPC_HOOK = \\.\pipe\798786b66550c88988d6cee999f3c212-1.66.2-main-sock
# default
.RECIPEPREFIX := 
# automatic
<F = $(notdir $<)
# default
SUFFIXES := 
# environment
ALLUSERSPROFILE = C:\ProgramData
# environment
SESSIONNAME = Console
# makefile (from 'makefile', line 12)
_OBJ = testing\testbench_development_1.o architectures\harvard_implementation\dataMemory.o  architectures\harvard_implementation\riscvInstruction.o architectures\harvard_implementation\processor.o architectures\harvard_implementation\register.o architectures\harvard_implementation\instructionMemory.o
# default
.FEATURES := target-specific order-only second-expansion else-if shortest-stem undefine oneshell nocomment grouped-target extra-prereqs archives jobserver output-sync load
# environment
PROCESSOR_REVISION = 8d01
# makefile (from 'makefile', line 1)
CC = g++
# environment
PROCESSOR_IDENTIFIER = Intel64 Family 6 Model 141 Stepping 1, GenuineIntel
# variable set hash-table stats:
# Load=108/1024=11%, Rehash=0, Collisions=10/141=7%

# Pattern-specific Variable Values

# No pattern-specific variable values.

# Directories

# . (key c:/Users/Benjamin/Documents/GitHub/riscv-emulator, mtime 1650468628): 10 files, no impossibilities.

# 10 files, no impossibilities in 1 directories.

# Implicit Rules

.\src/%.o: %.cpp
#  recipe to execute (from 'makefile', line 16):
	$(CC) -c -o $@ $< $(CFLAGSS)

# 1 implicit rules, 0 (0.0%) terminal.
# Files

# Not a target:
.\src/architectures\harvard_implementation\instructionMemory.o:
#  Implicit rule search has not been done.
#  Modification time never checked.
#  File has not been updated.

# Not a target:
.\src/architectures\harvard_implementation\riscvInstruction.o:
#  Implicit rule search has not been done.
#  Modification time never checked.
#  File has not been updated.

clean:
#  Phony target (prerequisite of .PHONY).
#  Implicit rule search has not been done.
#  File does not exist.
#  File has not been updated.
#  recipe to execute (from 'makefile', line 24):
	del -f src\testing\*.o
	del -f src\architectures\harvard_implementation\*.o

# Not a target:
.DEFAULT:
#  Implicit rule search has not been done.
#  Modification time never checked.
#  File has not been updated.

# Not a target:
all:
#  Command line target.
#  Implicit rule search has been done.
#  File does not exist.
#  File has not been updated.

# Not a target:
.\src/testing\testbench_development_1.o:
#  Implicit rule search has not been done.
#  Modification time never checked.
#  File has not been updated.

mymake: .\src/testing\testbench_development_1.o .\src/architectures\harvard_implementation\dataMemory.o .\src/architectures\harvard_implementation\riscvInstruction.o .\src/architectures\harvard_implementation\processor.o .\src/architectures\harvard_implementation\register.o .\src/architectures\harvard_implementation\instructionMemory.o
#  Implicit rule search has not been done.
#  Modification time never checked.
#  File has not been updated.
#  recipe to execute (from 'makefile', line 19):
	$(CC) -o $@ $^ $(CFLAGS) $(LIBS)

# Not a target:
makefile:
#  Implicit rule search has been done.
#  Last modified 2022-04-20 11:12:21
#  File has been updated.
#  Successfully updated.

# Not a target:
.\src/architectures\harvard_implementation\register.o:
#  Implicit rule search has not been done.
#  Modification time never checked.
#  File has not been updated.

# Not a target:
.\src/architectures\harvard_implementation\processor.o:
#  Implicit rule search has not been done.
#  Modification time never checked.
#  File has not been updated.

# Not a target:
.\src/architectures\harvard_implementation\dataMemory.o:
#  Implicit rule search has not been done.
#  Modification time never checked.
#  File has not been updated.

.PHONY: clean
#  Implicit rule search has not been done.
#  Modification time never checked.
#  File has not been updated.

# files hash-table stats:
# Load=13/1024=1%, Rehash=0, Collisions=0/31=0%
# VPATH Search Paths

# No 'vpath' search paths.

# No general ('VPATH' variable) search path.

# strcache buffers: 1 (0) / strings = 24 / storage = 454 B / avg = 18 B
# current buf: size = 8174 B / used = 454 B / count = 24 / avg = 18 B

# strcache performance: lookups = 32 / hit rate = 25%
# hash-table stats:
# Load=24/8192=0%, Rehash=0, Collisions=0/32=0%
# Finished Make data base on Wed Apr 20 11:12:24 2022

 
